<?xml version="1.0" encoding="UTF-8"?>
<!-- Generated by org.testng.reporters.JUnitXMLReporter -->
<testsuite ignored="0" hostname="DESKTOP-D068G7Q" failures="0" tests="5" name="Default test" time="77.212" errors="0" timestamp="2020-12-07T02:20:18 WAT">
  <testcase classname="com.kuda.testCases.CustomerInfoManagement" name="viewCustomers" time="31.047"/>
  <testcase classname="com.kuda.testCases.CustomerInfoManagement" name="searchCustomerByName" time="7.285"/>
  <testcase classname="com.kuda.testCases.CustomerInfoManagement" name="searchByCustomerEmail" time="7.257"/>
  <testcase classname="com.kuda.testCases.CustomerInfoManagement" name="searchCustomerById" time="3.212"/>
  <testcase classname="com.kuda.testCases.CustomerInfoManagement" name="createCustomer" time="18.639"/>
</testsuite> <!-- Default test -->
