<?xml version="1.0" encoding="UTF-8"?>
<!-- Generated by org.testng.reporters.JUnitXMLReporter -->
<testsuite hostname="DESKTOP-D068G7Q" ignored="0" name="Test" tests="28" failures="0" timestamp="2020-10-08T07:11:18 PDT" time="458.283" errors="0">
  <testcase name="googleSign" time="22.391" classname="com.kuda.testCases.ValidateLogin"/>
  <testcase name="viewBranches" time="30.565" classname="com.kuda.testCases.BranchManagement"/>
  <testcase name="viewCASAccount" time="28.858" classname="com.kuda.testCases.CustomerAccountManagement"/>
  <testcase name="searchByAccountName" time="3.3" classname="com.kuda.testCases.CustomerAccountManagement"/>
  <testcase name="searchByAccountNumber" time="3.485" classname="com.kuda.testCases.CustomerAccountManagement"/>
  <testcase name="searchByAccountEmail" time="3.959" classname="com.kuda.testCases.CustomerAccountManagement"/>
  <testcase name="viewAccountBalance" time="6.618" classname="com.kuda.testCases.CustomerAccountManagement"/>
  <testcase name="editCustomerAccount" time="24.721" classname="com.kuda.testCases.CustomerAccountManagement"/>
  <testcase name="createCustomerAccount" time="26.201" classname="com.kuda.testCases.CustomerAccountManagement"/>
  <testcase name="viewCustomers" time="26.386" classname="com.kuda.testCases.CustomerInfoManagement"/>
  <testcase name="searchCustomerByName" time="3.914" classname="com.kuda.testCases.CustomerInfoManagement"/>
  <testcase name="searchByCustomerEmail" time="3.75" classname="com.kuda.testCases.CustomerInfoManagement"/>
  <testcase name="searchCustomerById" time="3.593" classname="com.kuda.testCases.CustomerInfoManagement"/>
  <testcase name="createCustomer" time="18.063" classname="com.kuda.testCases.CustomerInfoManagement"/>
  <testcase name="verifyLocalFundTransfer" time="61.381" classname="com.kuda.postingsMgt.ValidateLocalTransfer"/>
  <testcase name="glToglTransfer" time="38.921" classname="com.kuda.postingsMgt.ValidateSingleJournalTransfer"/>
  <testcase name="viewGLAccounts" time="26.421" classname="com.kuda.testCases.GeneralLedgerManagement"/>
  <testcase name="searchGLByName" time="5.267" classname="com.kuda.testCases.GeneralLedgerManagement"/>
  <testcase name="searchGLByCode" time="6.533" classname="com.kuda.testCases.GeneralLedgerManagement"/>
  <testcase name="viewGLBalance" time="2.196" classname="com.kuda.testCases.GeneralLedgerManagement"/>
  <testcase name="editGeneralLedgerAccount" time="0.0" classname="com.kuda.testCases.GeneralLedgerManagement"/>
  <testcase name="viewUsers" time="21.611" classname="com.kuda.testCases.UserManagement"/>
  <testcase name="searchUsersByUserName" time="2.308" classname="com.kuda.testCases.UserManagement"/>
  <testcase name="searchUserByDesignation" time="0.278" classname="com.kuda.testCases.UserManagement"/>
  <testcase name="searchUserByPhoneNumber" time="0.158" classname="com.kuda.testCases.UserManagement"/>
  <testcase name="searchUserByEmployeeNumber" time="0.0" classname="com.kuda.testCases.UserManagement"/>
  <testcase name="searchUserByEmail" time="0.0" classname="com.kuda.testCases.UserManagement"/>
  <testcase name="searchUserBylastName" time="0.0" classname="com.kuda.testCases.UserManagement"/>
</testsuite> <!-- Test -->
