<?xml version="1.0" encoding="UTF-8"?>
<!-- Generated by org.testng.reporters.JUnitXMLReporter -->
<testsuite hostname="DESKTOP-D068G7Q" ignored="0" name="Test" tests="16" failures="1" timestamp="2020-10-05T01:08:02 PDT" time="405.017" errors="0">
  <testcase name="googleSign" time="19.977" classname="com.kuda.testCases.ValidateLogin"/>
  <testcase name="viewBranches" time="66.271" classname="com.kuda.testCases.BranchManagement">
    <failure type="org.openqa.selenium.NoSuchElementException" message="no such element: Unable to locate element: {&amp;quot;method&amp;quot;:&amp;quot;xpath&amp;quot;,&amp;quot;selector&amp;quot;:&amp;quot;//h3[contains(text(),&amp;apos;Branch Management&amp;apos;)]&amp;quot;}
  (Session info: chrome=85.0.4183.121)
For documentation on this error, please visit: https://www.seleniumhq.org/exceptions/no_such_element.html
Build info: version: &amp;apos;3.141.59&amp;apos;, revision: &amp;apos;e82be7d358&amp;apos;, time: &amp;apos;2018-11-14T08:17:03&amp;apos;
System info: host: &amp;apos;DESKTOP-D068G7Q&amp;apos;, ip: &amp;apos;192.168.43.200&amp;apos;, os.name: &amp;apos;Windows 10&amp;apos;, os.arch: &amp;apos;amd64&amp;apos;, os.version: &amp;apos;10.0&amp;apos;, java.version: &amp;apos;1.8.0_261&amp;apos;
Driver info: org.openqa.selenium.chrome.ChromeDriver
Capabilities {acceptInsecureCerts: false, browserName: chrome, browserVersion: 85.0.4183.121, chrome: {chromedriverVersion: 85.0.4183.87 (cd6713ebf92fa..., userDataDir: C:\Users\Gbenga\AppData\Loc...}, goog:chromeOptions: {debuggerAddress: localhost:51089}, javascriptEnabled: true, networkConnectionEnabled: false, pageLoadStrategy: normal, platform: WINDOWS, platformName: WINDOWS, proxy: Proxy(), setWindowRect: true, strictFileInteractability: false, timeouts: {implicit: 0, pageLoad: 300000, script: 30000}, unhandledPromptBehavior: dismiss and notify, webauthn:virtualAuthenticators: true}
Session ID: a89f6f3a0687a58d39599906538347cd
*** Element info: {Using=xpath, value=//h3[contains(text(),&amp;apos;Branch Management&amp;apos;)]}">
      <![CDATA[org.openqa.selenium.NoSuchElementException: no such element: Unable to locate element: {"method":"xpath","selector":"//h3[contains(text(),'Branch Management')]"}
  (Session info: chrome=85.0.4183.121)
For documentation on this error, please visit: https://www.seleniumhq.org/exceptions/no_such_element.html
Build info: version: '3.141.59', revision: 'e82be7d358', time: '2018-11-14T08:17:03'
System info: host: 'DESKTOP-D068G7Q', ip: '192.168.43.200', os.name: 'Windows 10', os.arch: 'amd64', os.version: '10.0', java.version: '1.8.0_261'
Driver info: org.openqa.selenium.chrome.ChromeDriver
Capabilities {acceptInsecureCerts: false, browserName: chrome, browserVersion: 85.0.4183.121, chrome: {chromedriverVersion: 85.0.4183.87 (cd6713ebf92fa..., userDataDir: C:\Users\Gbenga\AppData\Loc...}, goog:chromeOptions: {debuggerAddress: localhost:51089}, javascriptEnabled: true, networkConnectionEnabled: false, pageLoadStrategy: normal, platform: WINDOWS, platformName: WINDOWS, proxy: Proxy(), setWindowRect: true, strictFileInteractability: false, timeouts: {implicit: 0, pageLoad: 300000, script: 30000}, unhandledPromptBehavior: dismiss and notify, webauthn:virtualAuthenticators: true}
Session ID: a89f6f3a0687a58d39599906538347cd
*** Element info: {Using=xpath, value=//h3[contains(text(),'Branch Management')]}
at org.openqa.selenium.remote.http.W3CHttpResponseCodec.createException(W3CHttpResponseCodec.java:187)
at org.openqa.selenium.remote.http.W3CHttpResponseCodec.decode(W3CHttpResponseCodec.java:122)
at org.openqa.selenium.remote.http.W3CHttpResponseCodec.decode(W3CHttpResponseCodec.java:49)
at org.openqa.selenium.remote.HttpCommandExecutor.execute(HttpCommandExecutor.java:158)
at org.openqa.selenium.remote.service.DriverCommandExecutor.execute(DriverCommandExecutor.java:83)
at org.openqa.selenium.remote.RemoteWebDriver.execute(RemoteWebDriver.java:552)
at org.openqa.selenium.remote.RemoteWebDriver.findElement(RemoteWebDriver.java:323)
at org.openqa.selenium.remote.RemoteWebDriver.findElementByXPath(RemoteWebDriver.java:428)
at org.openqa.selenium.By$ByXPath.findElement(By.java:353)
at org.openqa.selenium.remote.RemoteWebDriver.findElement(RemoteWebDriver.java:315)
at com.kuda.testCases.BranchManagement.viewBranches(BranchManagement.java:27)
at java.util.ArrayList.forEach(ArrayList.java:1259)
... Removed 34 stack frames]]>
    </failure>
  </testcase> <!-- viewBranches -->
  <testcase name="viewCASAccount" time="27.962" classname="com.kuda.testCases.CustomerAccountManagement"/>
  <testcase name="searchByAccountName" time="3.355" classname="com.kuda.testCases.CustomerAccountManagement"/>
  <testcase name="searchByAccountNumber" time="3.192" classname="com.kuda.testCases.CustomerAccountManagement"/>
  <testcase name="searchByAccountEmail" time="3.312" classname="com.kuda.testCases.CustomerAccountManagement"/>
  <testcase name="viewAccountBalance" time="6.48" classname="com.kuda.testCases.CustomerAccountManagement"/>
  <testcase name="editCustomerAccount" time="20.037" classname="com.kuda.testCases.CustomerAccountManagement"/>
  <testcase name="createCustomerAccount" time="27.439" classname="com.kuda.testCases.CustomerAccountManagement"/>
  <testcase name="viewCustomers" time="29.244" classname="com.kuda.testCases.CustomerInfoManagement"/>
  <testcase name="searchCustomerByName" time="3.615" classname="com.kuda.testCases.CustomerInfoManagement"/>
  <testcase name="searchByCustomerEmail" time="3.619" classname="com.kuda.testCases.CustomerInfoManagement"/>
  <testcase name="searchCustomerById" time="3.469" classname="com.kuda.testCases.CustomerInfoManagement"/>
  <testcase name="createCustomer" time="15.252" classname="com.kuda.testCases.CustomerInfoManagement"/>
  <testcase name="verifyLocalFundTransfer" time="49.614" classname="com.kuda.postingsMgt.ValidateLocalTransfer"/>
  <testcase name="glToglTransfer" time="44.915" classname="com.kuda.postingsMgt.ValidateSingleJournalTransfer"/>
</testsuite> <!-- Test -->
