<?xml version="1.0" encoding="UTF-8"?>
<testng-results skipped="0" failed="0" ignored="0" total="28" passed="28">
  <reporter-output>
  </reporter-output>
  <suite name="Suite" duration-ms="458283" started-at="2020-10-08T07:03:39 PDT" finished-at="2020-10-08T07:11:18 PDT">
    <groups>
    </groups>
    <test name="Test" duration-ms="458283" started-at="2020-10-08T07:03:39 PDT" finished-at="2020-10-08T07:11:18 PDT">
      <class name="com.kuda.testCases.BranchManagement">
        <test-method status="PASS" signature="setUp()[pri:0, instance:com.kuda.testCases.BranchManagement@27c20538]" name="setUp" is-config="true" duration-ms="10321" started-at="2020-10-08T07:04:18 PDT" finished-at="2020-10-08T07:04:28 PDT">
          <reporter-output>
          </reporter-output>
        </test-method> <!-- setUp -->
        <test-method status="PASS" signature="viewBranches()[pri:1, instance:com.kuda.testCases.BranchManagement@27c20538]" name="viewBranches" duration-ms="30565" started-at="2020-10-08T07:04:28 PDT" finished-at="2020-10-08T07:04:58 PDT">
          <reporter-output>
          </reporter-output>
        </test-method> <!-- viewBranches -->
        <test-method status="PASS" signature="tearDown()[pri:0, instance:com.kuda.testCases.BranchManagement@27c20538]" name="tearDown" is-config="true" duration-ms="194" started-at="2020-10-08T07:04:58 PDT" finished-at="2020-10-08T07:04:59 PDT">
          <reporter-output>
          </reporter-output>
        </test-method> <!-- tearDown -->
      </class> <!-- com.kuda.testCases.BranchManagement -->
      <class name="com.kuda.testCases.UserManagement">
        <test-method status="PASS" signature="setUp()[pri:0, instance:com.kuda.testCases.UserManagement@cb644e]" name="setUp" is-config="true" duration-ms="8780" started-at="2020-10-08T07:10:45 PDT" finished-at="2020-10-08T07:10:53 PDT">
          <reporter-output>
          </reporter-output>
        </test-method> <!-- setUp -->
        <test-method status="PASS" signature="viewUsers()[pri:1, instance:com.kuda.testCases.UserManagement@cb644e]" name="viewUsers" duration-ms="21611" started-at="2020-10-08T07:10:53 PDT" finished-at="2020-10-08T07:11:15 PDT">
          <reporter-output>
          </reporter-output>
        </test-method> <!-- viewUsers -->
        <test-method status="PASS" signature="searchUsersByUserName()[pri:2, instance:com.kuda.testCases.UserManagement@cb644e]" name="searchUsersByUserName" duration-ms="2308" started-at="2020-10-08T07:11:15 PDT" finished-at="2020-10-08T07:11:17 PDT">
          <reporter-output>
          </reporter-output>
        </test-method> <!-- searchUsersByUserName -->
        <test-method status="PASS" signature="searchUserByDesignation()[pri:3, instance:com.kuda.testCases.UserManagement@cb644e]" name="searchUserByDesignation" duration-ms="278" started-at="2020-10-08T07:11:17 PDT" finished-at="2020-10-08T07:11:17 PDT">
          <reporter-output>
          </reporter-output>
        </test-method> <!-- searchUserByDesignation -->
        <test-method status="PASS" signature="searchUserByPhoneNumber()[pri:4, instance:com.kuda.testCases.UserManagement@cb644e]" name="searchUserByPhoneNumber" duration-ms="158" started-at="2020-10-08T07:11:17 PDT" finished-at="2020-10-08T07:11:18 PDT">
          <reporter-output>
          </reporter-output>
        </test-method> <!-- searchUserByPhoneNumber -->
        <test-method status="PASS" signature="tearDown()[pri:0, instance:com.kuda.testCases.UserManagement@cb644e]" name="tearDown" is-config="true" duration-ms="52" started-at="2020-10-08T07:11:18 PDT" finished-at="2020-10-08T07:11:18 PDT">
          <reporter-output>
          </reporter-output>
        </test-method> <!-- tearDown -->
        <test-method status="PASS" signature="searchUserBylastName()[pri:7, instance:com.kuda.testCases.UserManagement@cb644e]" name="searchUserBylastName" duration-ms="0" started-at="2020-10-08T07:11:18 PDT" finished-at="2020-10-08T07:11:18 PDT">
          <reporter-output>
          </reporter-output>
        </test-method> <!-- searchUserBylastName -->
        <test-method status="PASS" signature="searchUserByEmail()[pri:6, instance:com.kuda.testCases.UserManagement@cb644e]" name="searchUserByEmail" duration-ms="0" started-at="2020-10-08T07:11:18 PDT" finished-at="2020-10-08T07:11:18 PDT">
          <reporter-output>
          </reporter-output>
        </test-method> <!-- searchUserByEmail -->
        <test-method status="PASS" signature="searchUserByEmployeeNumber()[pri:5, instance:com.kuda.testCases.UserManagement@cb644e]" name="searchUserByEmployeeNumber" duration-ms="0" started-at="2020-10-08T07:11:18 PDT" finished-at="2020-10-08T07:11:18 PDT">
          <reporter-output>
          </reporter-output>
        </test-method> <!-- searchUserByEmployeeNumber -->
      </class> <!-- com.kuda.testCases.UserManagement -->
      <class name="com.kuda.postingsMgt.ValidateSingleJournalTransfer">
        <test-method status="PASS" signature="setUp()[pri:0, instance:com.kuda.postingsMgt.ValidateSingleJournalTransfer@6e1567f1]" name="setUp" is-config="true" duration-ms="11416" started-at="2020-10-08T07:09:04 PDT" finished-at="2020-10-08T07:09:16 PDT">
          <reporter-output>
          </reporter-output>
        </test-method> <!-- setUp -->
        <test-method status="PASS" signature="glToglTransfer()[pri:0, instance:com.kuda.postingsMgt.ValidateSingleJournalTransfer@6e1567f1]" name="glToglTransfer" duration-ms="38921" started-at="2020-10-08T07:09:16 PDT" finished-at="2020-10-08T07:09:55 PDT">
          <reporter-output>
          </reporter-output>
        </test-method> <!-- glToglTransfer -->
        <test-method status="PASS" signature="tearDown()[pri:0, instance:com.kuda.postingsMgt.ValidateSingleJournalTransfer@6e1567f1]" name="tearDown" is-config="true" duration-ms="97" started-at="2020-10-08T07:09:55 PDT" finished-at="2020-10-08T07:09:55 PDT">
          <reporter-output>
          </reporter-output>
        </test-method> <!-- tearDown -->
      </class> <!-- com.kuda.postingsMgt.ValidateSingleJournalTransfer -->
      <class name="com.kuda.testCases.CustomerAccountManagement">
        <test-method status="PASS" signature="setUp()[pri:0, instance:com.kuda.testCases.CustomerAccountManagement@72d818d1]" name="setUp" is-config="true" duration-ms="11066" started-at="2020-10-08T07:04:59 PDT" finished-at="2020-10-08T07:05:10 PDT">
          <reporter-output>
          </reporter-output>
        </test-method> <!-- setUp -->
        <test-method status="PASS" signature="viewCASAccount()[pri:1, instance:com.kuda.testCases.CustomerAccountManagement@72d818d1]" name="viewCASAccount" duration-ms="28858" started-at="2020-10-08T07:05:10 PDT" finished-at="2020-10-08T07:05:39 PDT">
          <reporter-output>
          </reporter-output>
        </test-method> <!-- viewCASAccount -->
        <test-method status="PASS" signature="searchByAccountName()[pri:2, instance:com.kuda.testCases.CustomerAccountManagement@72d818d1]" name="searchByAccountName" duration-ms="3300" started-at="2020-10-08T07:05:39 PDT" finished-at="2020-10-08T07:05:42 PDT">
          <reporter-output>
          </reporter-output>
        </test-method> <!-- searchByAccountName -->
        <test-method status="PASS" signature="searchByAccountNumber()[pri:3, instance:com.kuda.testCases.CustomerAccountManagement@72d818d1]" name="searchByAccountNumber" duration-ms="3485" started-at="2020-10-08T07:05:42 PDT" finished-at="2020-10-08T07:05:45 PDT">
          <reporter-output>
          </reporter-output>
        </test-method> <!-- searchByAccountNumber -->
        <test-method status="PASS" signature="searchByAccountEmail()[pri:4, instance:com.kuda.testCases.CustomerAccountManagement@72d818d1]" name="searchByAccountEmail" duration-ms="3959" started-at="2020-10-08T07:05:45 PDT" finished-at="2020-10-08T07:05:49 PDT">
          <reporter-output>
          </reporter-output>
        </test-method> <!-- searchByAccountEmail -->
        <test-method status="PASS" signature="viewAccountBalance()[pri:5, instance:com.kuda.testCases.CustomerAccountManagement@72d818d1]" name="viewAccountBalance" duration-ms="6618" started-at="2020-10-08T07:05:49 PDT" finished-at="2020-10-08T07:05:56 PDT">
          <reporter-output>
          </reporter-output>
        </test-method> <!-- viewAccountBalance -->
        <test-method status="PASS" signature="editCustomerAccount()[pri:6, instance:com.kuda.testCases.CustomerAccountManagement@72d818d1]" name="editCustomerAccount" duration-ms="24721" started-at="2020-10-08T07:05:56 PDT" finished-at="2020-10-08T07:06:21 PDT">
          <reporter-output>
          </reporter-output>
        </test-method> <!-- editCustomerAccount -->
        <test-method status="PASS" signature="createCustomerAccount()[pri:7, instance:com.kuda.testCases.CustomerAccountManagement@72d818d1]" name="createCustomerAccount" duration-ms="26201" started-at="2020-10-08T07:06:21 PDT" finished-at="2020-10-08T07:06:47 PDT">
          <reporter-output>
          </reporter-output>
        </test-method> <!-- createCustomerAccount -->
        <test-method status="PASS" signature="tearDown()[pri:0, instance:com.kuda.testCases.CustomerAccountManagement@72d818d1]" name="tearDown" is-config="true" duration-ms="168" started-at="2020-10-08T07:06:47 PDT" finished-at="2020-10-08T07:06:47 PDT">
          <reporter-output>
          </reporter-output>
        </test-method> <!-- tearDown -->
      </class> <!-- com.kuda.testCases.CustomerAccountManagement -->
      <class name="com.kuda.testCases.GeneralLedgerManagement">
        <test-method status="PASS" signature="setUp()[pri:0, instance:com.kuda.testCases.GeneralLedgerManagement@5cb9f472]" name="setUp" is-config="true" duration-ms="9277" started-at="2020-10-08T07:09:55 PDT" finished-at="2020-10-08T07:10:04 PDT">
          <reporter-output>
          </reporter-output>
        </test-method> <!-- setUp -->
        <test-method status="PASS" signature="viewGLAccounts()[pri:1, instance:com.kuda.testCases.GeneralLedgerManagement@5cb9f472]" name="viewGLAccounts" duration-ms="26421" started-at="2020-10-08T07:10:04 PDT" finished-at="2020-10-08T07:10:30 PDT">
          <reporter-output>
          </reporter-output>
        </test-method> <!-- viewGLAccounts -->
        <test-method status="PASS" signature="searchGLByName()[pri:2, instance:com.kuda.testCases.GeneralLedgerManagement@5cb9f472]" name="searchGLByName" duration-ms="5267" started-at="2020-10-08T07:10:30 PDT" finished-at="2020-10-08T07:10:36 PDT">
          <reporter-output>
          </reporter-output>
        </test-method> <!-- searchGLByName -->
        <test-method status="PASS" signature="searchGLByCode()[pri:3, instance:com.kuda.testCases.GeneralLedgerManagement@5cb9f472]" name="searchGLByCode" duration-ms="6533" started-at="2020-10-08T07:10:36 PDT" finished-at="2020-10-08T07:10:42 PDT">
          <reporter-output>
          </reporter-output>
        </test-method> <!-- searchGLByCode -->
        <test-method status="PASS" signature="viewGLBalance()[pri:4, instance:com.kuda.testCases.GeneralLedgerManagement@5cb9f472]" name="viewGLBalance" duration-ms="2196" started-at="2020-10-08T07:10:42 PDT" finished-at="2020-10-08T07:10:44 PDT">
          <reporter-output>
          </reporter-output>
        </test-method> <!-- viewGLBalance -->
        <test-method status="PASS" signature="tearDown()[pri:0, instance:com.kuda.testCases.GeneralLedgerManagement@5cb9f472]" name="tearDown" is-config="true" duration-ms="47" started-at="2020-10-08T07:10:44 PDT" finished-at="2020-10-08T07:10:45 PDT">
          <reporter-output>
          </reporter-output>
        </test-method> <!-- tearDown -->
        <test-method status="PASS" signature="editGeneralLedgerAccount()[pri:5, instance:com.kuda.testCases.GeneralLedgerManagement@5cb9f472]" name="editGeneralLedgerAccount" duration-ms="0" started-at="2020-10-08T07:10:44 PDT" finished-at="2020-10-08T07:10:44 PDT">
          <reporter-output>
          </reporter-output>
        </test-method> <!-- editGeneralLedgerAccount -->
      </class> <!-- com.kuda.testCases.GeneralLedgerManagement -->
      <class name="com.kuda.postingsMgt.ValidateLocalTransfer">
        <test-method status="PASS" signature="setUp()[pri:0, instance:com.kuda.postingsMgt.ValidateLocalTransfer@59494225]" name="setUp" is-config="true" duration-ms="9534" started-at="2020-10-08T07:07:53 PDT" finished-at="2020-10-08T07:08:03 PDT">
          <reporter-output>
          </reporter-output>
        </test-method> <!-- setUp -->
        <test-method status="PASS" signature="verifyLocalFundTransfer()[pri:0, instance:com.kuda.postingsMgt.ValidateLocalTransfer@59494225]" name="verifyLocalFundTransfer" duration-ms="61381" started-at="2020-10-08T07:08:03 PDT" finished-at="2020-10-08T07:09:04 PDT">
          <reporter-output>
          </reporter-output>
        </test-method> <!-- verifyLocalFundTransfer -->
        <test-method status="PASS" signature="tearDown()[pri:0, instance:com.kuda.postingsMgt.ValidateLocalTransfer@59494225]" name="tearDown" is-config="true" duration-ms="196" started-at="2020-10-08T07:09:04 PDT" finished-at="2020-10-08T07:09:04 PDT">
          <reporter-output>
          </reporter-output>
        </test-method> <!-- tearDown -->
      </class> <!-- com.kuda.postingsMgt.ValidateLocalTransfer -->
      <class name="com.kuda.testCases.CustomerInfoManagement">
        <test-method status="PASS" signature="setUp()[pri:0, instance:com.kuda.testCases.CustomerInfoManagement@6e06451e]" name="setUp" is-config="true" duration-ms="10320" started-at="2020-10-08T07:06:47 PDT" finished-at="2020-10-08T07:06:57 PDT">
          <reporter-output>
          </reporter-output>
        </test-method> <!-- setUp -->
        <test-method status="PASS" signature="viewCustomers()[pri:1, instance:com.kuda.testCases.CustomerInfoManagement@6e06451e]" name="viewCustomers" duration-ms="26386" started-at="2020-10-08T07:06:57 PDT" finished-at="2020-10-08T07:07:24 PDT">
          <reporter-output>
          </reporter-output>
        </test-method> <!-- viewCustomers -->
        <test-method status="PASS" signature="searchCustomerByName()[pri:2, instance:com.kuda.testCases.CustomerInfoManagement@6e06451e]" name="searchCustomerByName" duration-ms="3914" started-at="2020-10-08T07:07:24 PDT" finished-at="2020-10-08T07:07:28 PDT">
          <reporter-output>
          </reporter-output>
        </test-method> <!-- searchCustomerByName -->
        <test-method status="PASS" signature="searchByCustomerEmail()[pri:3, instance:com.kuda.testCases.CustomerInfoManagement@6e06451e]" name="searchByCustomerEmail" duration-ms="3750" started-at="2020-10-08T07:07:28 PDT" finished-at="2020-10-08T07:07:31 PDT">
          <reporter-output>
          </reporter-output>
        </test-method> <!-- searchByCustomerEmail -->
        <test-method status="PASS" signature="searchCustomerById()[pri:4, instance:com.kuda.testCases.CustomerInfoManagement@6e06451e]" name="searchCustomerById" duration-ms="3593" started-at="2020-10-08T07:07:31 PDT" finished-at="2020-10-08T07:07:35 PDT">
          <reporter-output>
          </reporter-output>
        </test-method> <!-- searchCustomerById -->
        <test-method status="PASS" signature="createCustomer()[pri:5, instance:com.kuda.testCases.CustomerInfoManagement@6e06451e]" name="createCustomer" duration-ms="18063" started-at="2020-10-08T07:07:35 PDT" finished-at="2020-10-08T07:07:53 PDT">
          <reporter-output>
          </reporter-output>
        </test-method> <!-- createCustomer -->
        <test-method status="PASS" signature="tearDown()[pri:0, instance:com.kuda.testCases.CustomerInfoManagement@6e06451e]" name="tearDown" is-config="true" duration-ms="168" started-at="2020-10-08T07:07:53 PDT" finished-at="2020-10-08T07:07:53 PDT">
          <reporter-output>
          </reporter-output>
        </test-method> <!-- tearDown -->
      </class> <!-- com.kuda.testCases.CustomerInfoManagement -->
      <class name="com.kuda.testCases.ValidateLogin">
        <test-method status="PASS" signature="setUp()[pri:0, instance:com.kuda.testCases.ValidateLogin@56ac3a89]" name="setUp" is-config="true" duration-ms="15489" started-at="2020-10-08T07:03:39 PDT" finished-at="2020-10-08T07:03:55 PDT">
          <reporter-output>
          </reporter-output>
        </test-method> <!-- setUp -->
        <test-method status="PASS" signature="googleSign()[pri:1, instance:com.kuda.testCases.ValidateLogin@56ac3a89]" name="googleSign" duration-ms="22391" started-at="2020-10-08T07:03:55 PDT" finished-at="2020-10-08T07:04:17 PDT">
          <reporter-output>
          </reporter-output>
        </test-method> <!-- googleSign -->
        <test-method status="PASS" signature="tearDown()[pri:0, instance:com.kuda.testCases.ValidateLogin@56ac3a89]" name="tearDown" is-config="true" duration-ms="162" started-at="2020-10-08T07:04:17 PDT" finished-at="2020-10-08T07:04:18 PDT">
          <reporter-output>
          </reporter-output>
        </test-method> <!-- tearDown -->
      </class> <!-- com.kuda.testCases.ValidateLogin -->
    </test> <!-- Test -->
  </suite> <!-- Suite -->
</testng-results>
