<?xml version="1.0" encoding="UTF-8"?>
<testng-results ignored="0" total="1" passed="1" failed="0" skipped="0">
  <reporter-output>
  </reporter-output>
  <suite started-at="2020-10-02T22:49:45 WAT" name="Default suite" finished-at="2020-10-02T22:50:28 WAT" duration-ms="43303">
    <groups>
    </groups>
    <test started-at="2020-10-02T22:49:45 WAT" name="Default test" finished-at="2020-10-02T22:50:28 WAT" duration-ms="43303">
      <class name="com.kuda.testCases.BranchManagement">
        <test-method is-config="true" signature="setUp()[pri:0, instance:com.kuda.testCases.BranchManagement@11f9535b]" started-at="2020-10-02T22:49:45 WAT" name="setUp" finished-at="2020-10-02T22:50:01 WAT" duration-ms="16201" status="PASS">
          <reporter-output>
          </reporter-output>
        </test-method> <!-- setUp -->
        <test-method signature="viewBranches()[pri:1, instance:com.kuda.testCases.BranchManagement@11f9535b]" started-at="2020-10-02T22:50:01 WAT" name="viewBranches" finished-at="2020-10-02T22:50:28 WAT" duration-ms="26910" status="PASS">
          <reporter-output>
          </reporter-output>
        </test-method> <!-- viewBranches -->
        <test-method is-config="true" signature="tearDown()[pri:0, instance:com.kuda.testCases.BranchManagement@11f9535b]" started-at="2020-10-02T22:50:28 WAT" name="tearDown" finished-at="2020-10-02T22:50:28 WAT" duration-ms="102" status="PASS">
          <reporter-output>
          </reporter-output>
        </test-method> <!-- tearDown -->
      </class> <!-- com.kuda.testCases.BranchManagement -->
    </test> <!-- Default test -->
  </suite> <!-- Default suite -->
</testng-results>
